# export_v2 selection log
kept=456 skipped=4113

## KEPT (sorted)
 Posterior transverse collateral sulcus.l
 Posterior transverse collateral sulcus.r
(Accessory parotid gland).l
(Accessory parotid gland).r
Accessory nucleus of oculomotor nerve.l
Accessory nucleus of oculomotor nerve.r
Ampulla of lacrimal canaliculus.l
Ampulla of lacrimal canaliculus.r
Amygdaloid body.l
Amygdaloid body.r
Angular gyrus.l
Angular gyrus.r
Anterior chamber of eyeball.l
Anterior chamber of eyeball.r
Anterior cochlear nucleus.l
Anterior cochlear nucleus.r
Anterior commissure
Anterior horn of spinal cord
Anterior lateral segment of liver (VI)
Anterior medial segment of liver (V)
Anterior notch of auricle.l
Anterior notch of auricle.r
Anterior occipital sulcus*.l
Anterior occipital sulcus*.r
Anterior quadrangular lobule.l
Anterior quadrangular lobule.r
Anterior segment of eyeball.l
Anterior segment of eyeball.r
Apex of auricle.l
Apex of auricle.r
Aqueduct of midbrain
Arytenoid cartilage.l
Arytenoid cartilage.r
Ascending colon
Auditory tube.l
Auditory tube.r
Base of peduncle.l
Base of peduncle.r
Biventral lobule.l
Biventral lobule.r
Calcarine sulcus.l
Calcarine sulcus.r
Caudate nucleus.l
Caudate nucleus.r
Central lobule
Central sulcus.l
Central sulcus.r
Choroid plexus.l
Choroid plexus.r
Cingulate gyrus (Posteroventral part*).l
Cingulate gyrus (Posteroventral part*).r
Cingulate gyrus and sulcus (Middle anterior part).l
Cingulate gyrus and sulcus (Middle anterior part).r
Cingulate gyrus and sulcus (Middle posterior part).l
Cingulate gyrus and sulcus (Middle posterior part).r
Cingulate gyrus and sulcus (Posterior dorsal part).l
Cingulate gyrus and sulcus (Posterior dorsal part).r
Cingulate sulcus (Marginal part*).l
Cingulate sulcus (Marginal part*).r
Circular sulcus of insula.l
Circular sulcus of insula.r
Coccyx
Cochlea.l
Cochlea.r
Cochlear nerve
Collateral sulcus.l
Collateral sulcus.r
Concha of auricle.l
Concha of auricle.r
Cornea.l
Cornea.r
Corpus callosum
Cricoid cartilage
Cricopharyngeal ligament.l
Cricopharyngeal ligament.r
Culmen
Cuneus.l
Cuneus.r
Declive
Descending colon
Diaphragm
Diaphragm.o1l
Diaphragm.o1r
Diaphragm.o2l
Diaphragm.o2r
Diaphragm.o3l
Diaphragm.o3r
Diaphragm.o4l
Diaphragm.o4r
Diaphragm.o5l
Diaphragm.o5r
Diaphragm.ol
Diaphragm.or
Diaphragmatic fascia
Duodenum
Epiglottis
Equator of eyeball.r
Falx cerebri
Flocculus.l
Flocculus.r
Folium of vermis
Fornix.l
Fornix.r
Fourth ventricle
Gallbladder
Globus pallidus.l
Globus pallidus.r
Gracile lobule.l
Gracile lobule.r
Habenula
Hippocampal commissure
Hippocampus.l
Hippocampus.r
Hypothalamus
Incus.l
Incus.r
Inferior colliculus.l
Inferior colliculus.r
Inferior diaphragmatic nodes
Inferior frontal sulcus.l
Inferior frontal sulcus.r
Inferior lobe of left lung
Inferior lobe of right lung
Inferior occipital gyrus and sulcus*.l
Inferior occipital gyrus and sulcus*.r
Inferior pancreatic nodes
Inferior pharyngeal constrictor.l
Inferior pharyngeal constrictor.r
Inferior semilunar lobule.l
Inferior semilunar lobule.r
Inferior temporal gyrus.l
Inferior temporal gyrus.r
Inferior temporal sulcus.l
Inferior temporal sulcus.r
Inferior tracheobronchial nodes
Insula (Subcentral gyrus and ant. and post. sulci*).l
Insula (Subcentral gyrus and ant. and post. sulci*).r
Interpeduncular fossa.l
Interpeduncular fossa.r
Intervertebral disc C2-C3
Intervertebral disc C3-C4
Intervertebral disc C4-C5
Intervertebral disc C5-C6
Intervertebral disc C6-C7
Intervertebral disc C7-T1
Intervertebral disc L1-L2
Intervertebral disc L2-L3
Intervertebral disc L3-L4
Intervertebral disc L4-L5
Intervertebral disc L5-S1
Intervertebral disc T1-T2
Intervertebral disc T10-T11
Intervertebral disc T11-T12
Intervertebral disc T12-L1
Intervertebral disc T2-T3
Intervertebral disc T3-T4
Intervertebral disc T4-T5
Intervertebral disc T5-T6
Intervertebral disc T6-T7
Intervertebral disc T7-T8
Intervertebral disc T8-T9
Intervertebral disc T9-T10
Intraparietal sulcus.l
Intraparietal sulcus.r
Iris.l
Iris.r
Juxta-intestinal mesenteric nodes
Juxta-oesophageal nodes
Kidney.l
Kidney.r
Lacrimal bone.l
Lacrimal bone.r
Lacrimal canaliculus.l
Lacrimal canaliculus.r
Lacrimal gland.l
Lacrimal gland.r
Lacrimal sac.l
Lacrimal sac.r
Laryngopharynx
Lat_Fis-ant-Horizont.l
Lat_Fis-ant-Horizont.r
Lat_Fis-ant-Vertical.l
Lat_Fis-ant-Vertical.r
Lat_Fis-post.l
Lat_Fis-post.r
Lateral geniculate body.l
Lateral geniculate body.r
Lateral occipital gyrus (Middle occipital gyrus*).l
Lateral occipital gyrus (Middle occipital gyrus*).r
Lateral occipitotemporal gyrus.l
Lateral occipitotemporal gyrus.r
Lateral ventricle.l
Lateral ventricle.r
Left anterior lateral segment of liver (III)
Left atrium
Left medial segment of liver (IV)
Left posterior lateral segment of liver (II)
Left ventricle
Lens.l
Lens.r
Lentiform nucleus.l
Lentiform nucleus.r
Lingual gyrus.l
Lingual gyrus.r
Lingula of cerebellum
Liver
Lobule of auricle.l
Lobule of auricle.r
Lunate sulcus.l
Lunate sulcus.r
Malleus.l
Malleus.r
Mamillary body.l
Mamillary body.r
Medial geniculate body.l
Medial geniculate body.r
Medial occipitotemporal gyrus (Parahippocampal*).l
Medial occipitotemporal gyrus (Parahippocampal*).r
Medulla oblongata.l
Medulla oblongata.r
Meridians of eyeball.r
Meso-appendix
Mesocolon
Midbrain.l
Midbrain.r
Middle frontal gyrus.l
Middle frontal gyrus.r
Middle lobe of right lung
Middle pharyngeal constrictor.l
Middle pharyngeal constrictor.r
Middle temporal gyrus.l
Middle temporal gyrus.r
Motor nucleus of facial nerve.l
Motor nucleus of facial nerve.r
Nasal bone.l
Nasal bone.r
Nasolacrimal duct.l
Nasolacrimal duct.r
Nasopharynx
Nodule of vermis
Nucleus of abducens nerve.l
Nucleus of abducens nerve.r
Nucleus of accessory nerve.l
Nucleus of accessory nerve.r
Nucleus of oculomotor nerve.l
Nucleus of oculomotor nerve.r
Occipital pole.l
Occipital pole.r
Occipitotemporal sulcus (Lateral part*).l
Occipitotemporal sulcus (Lateral part*).r
Olfactory sulcus.l
Olfactory sulcus.r
Olive.l
Olive.r
Omental taenia
Opercular part of inferior frontal gyrus.l
Opercular part of inferior frontal gyrus.r
Optic chiasm.l
Optic chiasm.r
Optic tract.l
Optic tract.r
Orbital gyri (Frontomarginal gyrus and sulcus*).l
Orbital gyri (Frontomarginal gyrus and sulcus*).r
Orbital gyri.l
Orbital gyri.r
Orbital part of  inferior frontal gyrus.l
Orbital part of  inferior frontal gyrus.r
Orbital sulci (H-shaped orbital sulci*).l
Orbital sulci (H-shaped orbital sulci*).r
Orbital sulci (Lateral Orbital sulcus*).l
Orbital sulci (Lateral Orbital sulcus*).r
Oropharynx
Palatopharyngeus muscle.l
Palatopharyngeus muscle.r
Pancreas
Paracentral gyrus and sulcus*.l
Paracentral gyrus and sulcus*.r
Paracentral sulcus.l
Paracentral sulcus.r
Paratracheal cervical nodes
Paratracheal thoracic nodes
Paravertebral line.l
Paravertebral line.r
Parieto-occipital sulcus.l
Parieto-occipital sulcus.r
Parotid gland.l
Parotid gland.r
Peduncle of flocculus.l
Peduncle of flocculus.r
Pleura
Pons.l
Pons.r
Postcentral gyrus.l
Postcentral gyrus.r
Postcentral sulcus.l
Postcentral sulcus.r
Posterior cochlear nucleus.l
Posterior cochlear nucleus.r
Posterior commissure
Posterior horn of spinal cord
Posterior lateral segment of liver (VII)
Posterior medial segment of liver (VIII)
Posterior quadrangular lobule.l
Posterior quadrangular lobule.r
Posterior segment of eyeball.l
Posterior segment of eyeball.r
Posterior segment of liver (I)
Precentral gyrus.l
Precentral gyrus.r
Precentral sulcus (Superior part)*.l
Precentral sulcus (Superior part)*.r
Precentral sulcus (inferior part)*.l
Precentral sulcus (inferior part)*.r
Precuneus.l
Precuneus.r
Pretracheal nodes.l
Pretracheal nodes.r
Prevertebral nodes
Pulmonary trunk
Putamen.l
Putamen.r
Pyramid of medulla oblongata.l
Pyramid of medulla oblongata.r
Pyramis of vermis
Red nucleus.l
Red nucleus.r
Renal pelvis.l
Renal pelvis.r
Retina.l
Retina.r
Retropharyngeal nodes.l
Retropharyngeal nodes.r
Right atrium
Right gastro-omental nodes
Right ventricle
Sacrum
Sclera.l
Sclera.r
Septal nuclei
Septum pellucidum
Sigmoid colon
Sigmoid nodes
Spinal dura
Spleen
Stapes.l
Stapes.r
Stomach
Straight gyrus (Gyrus rectus).l
Straight gyrus (Gyrus rectus).r
Stria medullaris thalami.l
Stria medullaris thalami.r
Stria terminalis.l
Stria terminalis.r
Stylopharyngeus muscle.l
Stylopharyngeus muscle.r
Submandibular gland.l
Submandibular gland.r
Subparietal sulcus.l
Subparietal sulcus.r
Sulcus interm_prim-Jensen.l
Sulcus interm_prim-Jensen.r
Superior cerebellar peduncle.l
Superior cerebellar peduncle.r
Superior colliculus.l
Superior colliculus.r
Superior diaphragmatic nodes
Superior frontal gyrus.l
Superior frontal gyrus.r
Superior frontal sulcus.l
Superior frontal sulcus.r
Superior lobe of left lung
Superior lobe of right lung
Superior occipital gyri.l
Superior occipital gyri.r
Superior pancreatic nodes
Superior pancreaticoduodenal nodes
Superior parietal lobule.l
Superior parietal lobule.r
Superior pharyngeal constrictor.l
Superior pharyngeal constrictor.r
Superior salivatory nucleus.l
Superior salivatory nucleus.r
Superior semilunar lobule.l
Superior semilunar lobule.r
Superior temporal gyrus (Lateral part).l
Superior temporal gyrus (Lateral part).r
Superior temporal sulcus.l
Superior temporal sulcus.r
Superior tracheobronchial nodes
Supramarginal gyrus.l
Supramarginal gyrus.r
Suprarenal gland.l
Suprarenal gland.r
Suspensory ligament of eyeball.l
Suspensory ligament of eyeball.r
Temporal plane.l
Temporal plane.r
Temporal pole.l
Temporal pole.r
Tentorium cerebelli.l
Tentorium cerebelli.r
Thalamus.l
Thalamus.r
Third ventricle
Thyroid cartilage
Thyroid gland
Tongue
Tonsil of cerebellum.l
Tonsil of cerebellum.r
Trachea
Transverse colon
Transverse frontopolar gyrus and sulcus*.l
Transverse frontopolar gyrus and sulcus*.r
Transverse occipital sulcus.l
Transverse occipital sulcus.r
Transverse temporal gyri.l
Transverse temporal gyri.r
Triangular part of inferior frontal gyrus.l
Triangular part of inferior frontal gyrus.r
Tuber of vermis
Tympanic membrane.l
Tympanic membrane.r
Urinary bladder
Uvula of vermis
Vermiform appendix
Vertebra C3
Vertebra C4
Vertebra C5
Vertebra C6
Vertebra C7
Vertebra L1
Vertebra L2
Vertebra L3
Vertebra L4
Vertebra L5
Vertebra T1
Vertebra T10
Vertebra T11
Vertebra T12
Vertebra T2
Vertebra T3
Vertebra T4
Vertebra T5
Vertebra T6
Vertebra T7
Vertebra T8
Vertebra T9
Vertebral region.l
Vertebral region.r
Vestibular nuclei.l
Vestibular nuclei.r
White matter of spinal cord
White matter of telencephalon.l
White matter of telencephalon.r
Wing of central lobule.l
Wing of central lobule.r

## SKIPPED (first 200, sorted)
(Abdominal part of pectoralis major muscle).l
(Abdominal part of pectoralis major muscle).ol
(Abdominal part of pectoralis major muscle).or
(Abdominal part of pectoralis major muscle).r
(Adductor minimus).l
(Adductor minimus).r
(Anterior tibial node).l
(Anterior tibial node).r
(Canal for vertebral artery).j
(External occipital crest).j
(Fibular node).l
(Fibular node).r
(Iliopectineal bursa).l
(Iliopectineal bursa).r
(Intermediate deep inguinal node).l
(Intermediate deep inguinal node).r
(Intermediate lacunar node).l
(Intermediate lacunar node).r
(Internal occipital crest).j
(Lateral lacunar node).l
(Lateral lacunar node).r
(Mandibular symphysis).j
(Medial lacunar node).l
(Medial lacunar node).r
(Middle clinoid process).j
(Opponens digiti minimi muscle of foot).l
(Opponens digiti minimi muscle of foot).ol
(Opponens digiti minimi muscle of foot).or
(Opponens digiti minimi muscle of foot).r
(Pancreatic impression of spleen).j
(Posterior obturator tubercle).i
(Posterior obturator tubercle).j
(Posterior tibial node).l
(Posterior tibial node).r
(Proximal deep inguinal node).l
(Proximal deep inguinal node).r
(Pyramidal lobe).j
(Retropyloric nodes)
(Subpyloric nodes)
(Supra-orbital notch).j
(Suprapyloric node)
(Third trochanter).i
(Third trochanter).j
(Vermian fossa).j
Abdominal lymph nodes.j
Abdominal part of muscular system.j
Abdominopelvic cavity.j
Abduction
Abductor digiti minimi of foot.el
Abductor digiti minimi of foot.er
Abductor digiti minimi of foot.l
Abductor digiti minimi of foot.r
Abductor digiti minimi of hand.el
Abductor digiti minimi of hand.er
Abductor digiti minimi of hand.l
Abductor digiti minimi of hand.ol
Abductor digiti minimi of hand.or
Abductor digiti minimi of hand.r
Abductor hallucis.el
Abductor hallucis.er
Abductor hallucis.l
Abductor hallucis.ol
Abductor hallucis.or
Abductor hallucis.r
Abductor pollicis brevis.l
Abductor pollicis brevis.r
Abductor pollicis longus.el
Abductor pollicis longus.er
Abductor pollicis longus.l
Abductor pollicis longus.ol
Abductor pollicis longus.or
Abductor pollicis longus.r
Accessory visual structures.j
Acetabular fossa.i
Acetabular fossa.j
Acetabular labrum.l
Acetabular labrum.r
Acetabular margin.i
Acetabular margin.j
Acetabular notch.i
Acetabular notch.j
Acetabulum.i
Acetabulum.j
Acromial angle.i
Acromial angle.j
Acromial end.i
Acromial end.j
Acromial facet.i
Acromial facet.j
Acromial part of deltoid muscle.l
Acromial part of deltoid muscle.ol
Acromial part of deltoid muscle.or
Acromial part of deltoid muscle.r
Acromioclavicular ligament.l
Acromioclavicular ligament.r
Acromion.i
Acromion.j
Adduction
Adductor brevis.l
Adductor brevis.r
Adductor hallucis.j
Adductor longus.el
Adductor longus.er
Adductor longus.l
Adductor longus.ol
Adductor longus.or
Adductor longus.r
Adductor magnus.el
Adductor magnus.er
Adductor magnus.l
Adductor magnus.ol
Adductor magnus.or
Adductor magnus.r
Adductor pollicis.e1l
Adductor pollicis.e1r
Adductor pollicis.el
Adductor pollicis.er
Adductor tubercle.i
Adductor tubercle.j
Adenohypophysis
Ala of ilium.i
Ala of ilium.j
Ala of sacrum.j
Anal region.l
Anal region.r
Anatomical neck of humerus.i
Anatomical neck of humerus.j
Anconeus muscle.el
Anconeus muscle.er
Anconeus muscle.l
Anconeus muscle.ol
Anconeus muscle.or
Anconeus muscle.r
Angle of mouth.l
Angle of mouth.r
Angle of rib.i
Angle of rib.j
Angular incisure.j
Ankle joint.j
Annular epiphysis.j
Annular ligament of radius.l
Annular ligament of radius.r
Anserine bursa.l
Anserine bursa.r
Antebrachial fascia.l
Antebrachial fascia.r
Antebrachial region.j
Anterior arch of atlas.j
Anterior articular facet of dens axis.j
Anterior axillary line.l
Anterior axillary line.r
Anterior axillary nodes.l
Anterior axillary nodes.r
Anterior basal segment of left lung (SVIII).j
Anterior basal segment of right lung (SVIII).j
Anterior belly of digastric muscle.el
Anterior belly of digastric muscle.er
Anterior belly of digastric muscle.l
Anterior belly of digastric muscle.r
Anterior bony ampulla.j
Anterior border of fibula.i
Anterior border of fibula.j
Anterior border of humerus.i
Anterior border of humerus.j
Anterior border of lung.j
Anterior border of pancreas.j
Anterior border of radius.i
Anterior border of radius.j
Anterior border of testis.j
Anterior border of tibia.i
Anterior border of tibia.j
Anterior border of ulna.i
Anterior border of ulna.j
Anterior cells of ethmoid bone.l
Anterior cells of ethmoid bone.r
Anterior cervical nodes.j
Anterior clinoid process.j
Anterior communicating artery
Anterior compartment of arm.j
Anterior compartment of forearm.j
Anterior compartment of leg.j
Anterior compartment of thigh.j
Anterior corticospinal tract
Anterior cruciate ligament.l
Anterior cruciate ligament.r
Anterior extremity of spleen.j
Anterior fasciculus proprius
Anterior funiculus.j
Anterior gluteal line.i
Anterior gluteal line.j
Anterior horn of spinal cord.j
Anterior inferior iliac spine.i
Anterior inferior iliac spine.j
Anterior inferior jugular nodes.l
Anterior inferior jugular nodes.r
Anterior intercondylar area.i
Anterior intercondylar area.j
Anterior intermuscular septum of leg.l
Anterior intermuscular septum of leg.r
Anterior interventricular sulcus.j